<?xml version="1.0" encoding="UTF-8"?>
<testng-results ignored="0" total="1" passed="1" failed="0" skipped="0">
  <reporter-output>
  </reporter-output>
  <suite started-at="2023-03-20T12:58:36 IST" name="SampleAutomationTest Suite" finished-at="2023-03-20T12:58:46 IST" duration-ms="10097">
    <groups>
    </groups>
    <test started-at="2023-03-20T12:58:36 IST" name="Login to the application with valid credentials sauce50" finished-at="2023-03-20T12:58:46 IST" duration-ms="10097">
      <class name="helixTest.HelixTest">
        <test-method is-config="true" signature="setUp()[pri:0, instance:helixTest.HelixTest@2c1b194a]" started-at="2023-03-20T12:58:36 IST" name="setUp" finished-at="2023-03-20T12:58:41 IST" duration-ms="5317" status="PASS">
          <reporter-output>
          </reporter-output>
        </test-method> <!-- setUp -->
        <test-method signature="Login_to_the_application_with_valid_credentials()[pri:0, instance:helixTest.HelixTest@2c1b194a]" started-at="2023-03-20T12:58:42 IST" name="Login_to_the_application_with_valid_credentials" finished-at="2023-03-20T12:58:45 IST" duration-ms="3353" status="PASS">
          <reporter-output>
          </reporter-output>
        </test-method> <!-- Login_to_the_application_with_valid_credentials -->
        <test-method is-config="true" signature="tearDown()[pri:0, instance:helixTest.HelixTest@2c1b194a]" started-at="2023-03-20T12:58:45 IST" name="tearDown" finished-at="2023-03-20T12:58:46 IST" duration-ms="1379" status="PASS">
          <reporter-output>
          </reporter-output>
        </test-method> <!-- tearDown -->
      </class> <!-- helixTest.HelixTest -->
    </test> <!-- Login to the application with valid credentials sauce50 -->
  </suite> <!-- SampleAutomationTest Suite -->
</testng-results>
