<?xml version="1.0" encoding="UTF-8"?>
<testng-results ignored="0" total="1" passed="1" failed="0" skipped="0">
  <reporter-output>
  </reporter-output>
  <suite started-at="2023-03-21T14:06:55 IST" name="SampleAutomationTest Suite" finished-at="2023-03-21T14:07:05 IST" duration-ms="9298">
    <groups>
    </groups>
    <test started-at="2023-03-21T14:06:55 IST" name="Login to the application with valid credentials sauce50" finished-at="2023-03-21T14:07:05 IST" duration-ms="9298">
      <class name="helixTest.HelixTest">
        <test-method is-config="true" signature="setUp()[pri:0, instance:helixTest.HelixTest@2c1b194a]" started-at="2023-03-21T14:06:55 IST" name="setUp" finished-at="2023-03-21T14:07:01 IST" duration-ms="5448" status="PASS">
          <reporter-output>
          </reporter-output>
        </test-method> <!-- setUp -->
        <test-method signature="Login_to_the_application_with_valid_credentials()[pri:0, instance:helixTest.HelixTest@2c1b194a]" started-at="2023-03-21T14:07:01 IST" name="Login_to_the_application_with_valid_credentials" finished-at="2023-03-21T14:07:03 IST" duration-ms="2272" status="PASS">
          <reporter-output>
          </reporter-output>
        </test-method> <!-- Login_to_the_application_with_valid_credentials -->
        <test-method is-config="true" signature="tearDown()[pri:0, instance:helixTest.HelixTest@2c1b194a]" started-at="2023-03-21T14:07:03 IST" name="tearDown" finished-at="2023-03-21T14:07:05 IST" duration-ms="1526" status="PASS">
          <reporter-output>
          </reporter-output>
        </test-method> <!-- tearDown -->
      </class> <!-- helixTest.HelixTest -->
    </test> <!-- Login to the application with valid credentials sauce50 -->
  </suite> <!-- SampleAutomationTest Suite -->
</testng-results>
